2025-06-20 14:50:43,189 - INFO - Imported existing <module 'comtypes.gen' from 'C:\\Users\\nikmi\\AppData\\Local\\Programs\\Python\\Python310\\lib\\site-packages\\comtypes\\gen\\__init__.py'>
2025-06-20 14:50:43,190 - INFO - Using writeable comtypes cache directory: 'C:\Users\nikmi\AppData\Local\Programs\Python\Python310\lib\site-packages\comtypes\gen'
2025-06-20 14:50:43,431 - INFO - Начало записи аудиокоманды.
2025-06-20 14:50:46,756 - INFO - Конец записи аудиокоманды.
2025-06-20 14:50:47,341 - INFO - Начало записи аудиокоманды.
2025-06-20 14:51:03,515 - INFO - Imported existing <module 'comtypes.gen' from 'C:\\Users\\nikmi\\AppData\\Local\\Programs\\Python\\Python310\\lib\\site-packages\\comtypes\\gen\\__init__.py'>
2025-06-20 14:51:03,516 - INFO - Using writeable comtypes cache directory: 'C:\Users\nikmi\AppData\Local\Programs\Python\Python310\lib\site-packages\comtypes\gen'
2025-06-20 14:51:03,743 - INFO - Начало записи аудиокоманды.
2025-06-20 14:51:06,107 - INFO - Конец записи аудиокоманды.
2025-06-20 14:51:06,579 - INFO - Активировано ключевыми словами.
2025-06-20 14:51:08,791 - INFO - Начало записи аудиокоманды.
2025-06-20 14:51:25,906 - INFO - Конец записи аудиокоманды.
2025-06-20 14:51:26,218 - INFO - Таймаут ожидания команд истек.
2025-06-20 14:51:26,311 - INFO - Начало записи аудиокоманды.
2025-06-20 14:51:58,840 - INFO - Imported existing <module 'comtypes.gen' from 'C:\\Users\\nikmi\\AppData\\Local\\Programs\\Python\\Python310\\lib\\site-packages\\comtypes\\gen\\__init__.py'>
2025-06-20 14:51:58,840 - INFO - Using writeable comtypes cache directory: 'C:\Users\nikmi\AppData\Local\Programs\Python\Python310\lib\site-packages\comtypes\gen'
2025-06-20 14:51:59,054 - INFO - Начало записи аудиокоманды.
2025-06-20 14:52:01,766 - INFO - Конец записи аудиокоманды.
2025-06-20 14:52:04,613 - INFO - Начало записи аудиокоманды.
2025-06-20 14:52:35,946 - INFO - Конец записи аудиокоманды.
2025-06-20 14:52:38,610 - INFO - Начало записи аудиокоманды.
2025-06-20 14:52:43,377 - INFO - Конец записи аудиокоманды.
2025-06-20 14:52:44,073 - INFO - Начало записи аудиокоманды.
2025-06-20 14:52:52,266 - INFO - Конец записи аудиокоманды.
2025-06-20 14:52:52,794 - INFO - Начало записи аудиокоманды.
2025-06-20 14:52:54,957 - INFO - Конец записи аудиокоманды.
2025-06-20 14:52:57,785 - INFO - Начало записи аудиокоманды.
2025-06-20 14:52:59,665 - INFO - Конец записи аудиокоманды.
2025-06-20 14:53:00,373 - INFO - Начало записи аудиокоманды.
2025-06-20 14:53:10,686 - INFO - Конец записи аудиокоманды.
2025-06-20 14:53:11,181 - INFO - Начало записи аудиокоманды.
